2026-04-12 22:32:22,948  INFO      __main__ - Starting Valmistada v1.0.0
2026-04-12 22:32:23,022  WARNING   data.loaders.modifier_loader - Modifier directory not found: Data Exploration/Modifier Data\San Francisco
2026-04-12 22:32:23,175  INFO      data.loaders.output_loader - Found 0 trial(s).
2026-04-12 22:32:23,842  INFO      app_controller.screen_manager - Navigated to loading
2026-04-12 22:32:26,352  INFO      app_controller.screen_manager - Navigated to start
2026-04-12 22:32:30,919  INFO      app_controller.screen_manager - Navigated to game_world
2026-04-12 22:46:20,760  INFO      __main__ - Starting Valmistada v1.0.0
2026-04-12 22:46:20,833  INFO      data.loaders.modifier_loader - Ridership loaded: 12,402 rows
2026-04-12 22:46:20,835  INFO      data.loaders.modifier_loader - Population loaded: 873,965
2026-04-12 22:46:21,322  INFO      data.loaders.modifier_loader - Land use loaded: 11 types
2026-04-12 22:46:21,330  INFO      data.loaders.modifier_loader - Modifier data loaded.
2026-04-12 22:46:31,331  INFO      data.loaders.gtfs_loader - Loaded San Francisco: 68 routes, 3243 stops, 34632 trips
2026-04-12 22:46:31,416  INFO      data.processors.gtfs_processor - GTFSProcessor ready: 3243 stops, 68 routes
2026-04-12 22:46:31,417  INFO      app_controller.app - Feed ready: San Francisco
2026-04-12 22:46:32,071  INFO      data.loaders.output_loader - Found 0 trial(s).
2026-04-12 22:46:32,246  INFO      app_controller.screen_manager - Navigated to loading
2026-04-12 22:46:34,755  INFO      app_controller.screen_manager - Navigated to start
2026-04-12 22:46:36,053  INFO      app_controller.screen_manager - Navigated to game_world
2026-04-12 22:46:39,264  INFO      app_controller.screen_manager - Navigated to start
2026-04-12 22:46:44,086  INFO      app_controller.screen_manager - Navigated to game_world
2026-04-12 22:46:47,105  INFO      game_world.core.simulation_engine - SimulationEngine created - trial 1
2026-04-12 22:46:47,137  INFO      game_world.map.graph_builder - Graph: 40 routes, 243 stations, 40 with shape data
2026-04-12 22:46:47,139  INFO      game_world.core.simulation_engine - World built: 40 routes, 40 vehicles
2026-04-12 22:53:37,374  INFO      __main__ - Starting Valmistada v1.0.0
2026-04-12 22:53:37,434  INFO      data.loaders.modifier_loader - Ridership loaded: 12,402 rows
2026-04-12 22:53:37,436  INFO      data.loaders.modifier_loader - Population loaded: 873,965
2026-04-12 22:53:37,938  INFO      data.loaders.modifier_loader - Land use loaded: 11 types
2026-04-12 22:53:37,947  INFO      data.loaders.modifier_loader - Modifier data loaded.
2026-04-12 22:53:47,568  INFO      data.loaders.gtfs_loader - Loaded San Francisco: 68 routes, 3243 stops, 34632 trips
2026-04-12 22:53:47,647  INFO      data.processors.gtfs_processor - GTFSProcessor ready: 3243 stops, 68 routes
2026-04-12 22:53:47,648  INFO      app_controller.app - Feed ready: San Francisco
2026-04-12 22:53:48,018  INFO      data.loaders.output_loader - Found 0 trial(s).
2026-04-12 22:53:48,188  INFO      app_controller.screen_manager - Navigated to loading
2026-04-12 22:53:50,686  INFO      app_controller.screen_manager - Navigated to start
2026-04-12 22:53:52,229  INFO      app_controller.screen_manager - Navigated to game_world
2026-04-12 22:54:45,389  INFO      __main__ - Starting Valmistada v1.0.0
2026-04-12 22:54:45,447  INFO      data.loaders.modifier_loader - Ridership loaded: 12,402 rows
2026-04-12 22:54:45,449  INFO      data.loaders.modifier_loader - Population loaded: 873,965
2026-04-12 22:54:45,934  INFO      data.loaders.modifier_loader - Land use loaded: 11 types
2026-04-12 22:54:45,942  INFO      data.loaders.modifier_loader - Modifier data loaded.
2026-04-12 22:54:55,457  INFO      data.loaders.gtfs_loader - Loaded San Francisco: 68 routes, 3243 stops, 34632 trips
2026-04-12 22:54:55,533  INFO      data.processors.gtfs_processor - GTFSProcessor ready: 3243 stops, 68 routes
2026-04-12 22:54:55,534  INFO      app_controller.app - Feed ready: San Francisco
2026-04-12 22:54:55,862  INFO      data.loaders.output_loader - Found 0 trial(s).
2026-04-12 22:54:56,032  INFO      app_controller.screen_manager - Navigated to loading
2026-04-12 22:54:58,530  INFO      app_controller.screen_manager - Navigated to start
2026-04-12 22:55:00,285  INFO      app_controller.screen_manager - Navigated to game_world
2026-04-12 22:55:08,679  INFO      game_world.core.simulation_engine - SimulationEngine created - trial 1
2026-04-12 22:55:08,710  INFO      game_world.map.graph_builder - Graph: 40 routes, 243 stations, 40 with shape data
2026-04-12 22:55:08,712  INFO      game_world.core.simulation_engine - World built: 40 routes, 40 vehicles
2026-04-12 22:55:29,823  INFO      game_world.core.simulation_engine - Month transition to February 2019
2026-04-12 22:55:42,567  INFO      game_world.core.simulation_engine - Month transition to March 2019
2026-04-12 22:55:56,904  INFO      game_world.core.simulation_engine - Month transition to April 2019
2026-04-12 22:56:10,754  INFO      game_world.core.simulation_engine - Month transition to May 2019
2026-04-12 22:56:25,075  INFO      game_world.core.simulation_engine - Month transition to June 2019
2026-04-12 22:56:38,630  INFO      game_world.core.simulation_engine - Month transition to July 2019
2026-04-12 22:56:54,597  INFO      game_world.core.simulation_engine - Month transition to August 2019
2026-04-12 22:57:08,858  INFO      game_world.core.simulation_engine - Month transition to September 2019
2026-04-12 22:57:23,214  INFO      game_world.core.simulation_engine - Month transition to October 2019
2026-04-12 22:57:37,874  INFO      game_world.core.simulation_engine - Month transition to November 2019
2026-04-12 22:57:51,990  INFO      game_world.core.simulation_engine - Month transition to December 2019
2026-04-12 22:58:05,931  INFO      game_world.core.simulation_engine - Month transition to January 2020
2026-04-12 22:58:05,947  INFO      data.storage.export_manager - Trial 1 exported - 13 files to SD_Game/output/trials\trial_1
2026-04-12 22:58:05,950  INFO      data.loaders.output_loader - Found 1 trial(s).
2026-04-12 22:58:05,968  INFO      data.loaders.output_loader - Found 1 trial(s).
2026-04-12 22:58:05,988  INFO      game_world.core.simulation_engine - Year complete.
2026-04-12 23:03:02,187  INFO      app_controller.screen_manager - Navigated to start
2026-04-12 23:03:22,570  INFO      __main__ - Starting Valmistada v1.0.0
2026-04-12 23:03:22,626  INFO      data.loaders.modifier_loader - Ridership loaded: 12,402 rows
2026-04-12 23:03:22,628  INFO      data.loaders.modifier_loader - Population loaded: 873,965
2026-04-12 23:03:23,099  INFO      data.loaders.modifier_loader - Land use loaded: 11 types
2026-04-12 23:03:23,108  INFO      data.loaders.modifier_loader - Modifier data loaded.
2026-04-12 23:03:32,448  INFO      data.loaders.gtfs_loader - Loaded San Francisco: 68 routes, 3243 stops, 34632 trips
2026-04-12 23:03:32,526  INFO      data.processors.gtfs_processor - GTFSProcessor ready: 3243 stops, 68 routes
2026-04-12 23:03:32,526  INFO      app_controller.app - Feed ready: San Francisco
2026-04-12 23:03:32,879  INFO      data.loaders.output_loader - Found 1 trial(s).
2026-04-12 23:03:33,086  INFO      app_controller.screen_manager - Navigated to loading
2026-04-12 23:03:35,598  INFO      app_controller.screen_manager - Navigated to start
2026-04-12 23:03:39,350  INFO      app_controller.screen_manager - Navigated to game_world
2026-04-12 23:03:47,991  INFO      game_world.core.simulation_engine - SimulationEngine created - trial 2
2026-04-12 23:03:48,028  INFO      game_world.map.graph_builder - Graph: 40 routes, 243 stations, 40 with shape data
2026-04-12 23:03:48,030  INFO      game_world.core.simulation_engine - World built: 40 routes, 40 vehicles
2026-04-12 23:05:50,417  INFO      __main__ - Starting Valmistada v1.0.0
2026-04-12 23:05:50,473  INFO      data.loaders.modifier_loader - Ridership loaded: 12,402 rows
2026-04-12 23:05:50,475  INFO      data.loaders.modifier_loader - Population loaded: 873,965
2026-04-12 23:05:50,960  INFO      data.loaders.modifier_loader - Land use loaded: 11 types
2026-04-12 23:05:50,968  INFO      data.loaders.modifier_loader - Modifier data loaded.
2026-04-12 23:06:00,334  INFO      data.loaders.gtfs_loader - Loaded San Francisco: 68 routes, 3243 stops, 34632 trips
2026-04-12 23:06:00,415  INFO      data.processors.gtfs_processor - GTFSProcessor ready: 3243 stops, 68 routes
2026-04-12 23:06:00,415  INFO      app_controller.app - Feed ready: San Francisco
2026-04-12 23:06:00,774  INFO      data.loaders.output_loader - Found 1 trial(s).
2026-04-12 23:06:00,989  INFO      app_controller.screen_manager - Navigated to loading
2026-04-12 23:06:03,488  INFO      app_controller.screen_manager - Navigated to start
2026-04-12 23:06:05,850  INFO      app_controller.screen_manager - Navigated to game_world
2026-04-12 23:06:56,185  INFO      __main__ - Starting Valmistada v1.0.0
2026-04-12 23:06:56,241  INFO      data.loaders.modifier_loader - Ridership loaded: 12,402 rows
2026-04-12 23:06:56,244  INFO      data.loaders.modifier_loader - Population loaded: 873,965
2026-04-12 23:06:56,717  INFO      data.loaders.modifier_loader - Land use loaded: 11 types
2026-04-12 23:06:56,725  INFO      data.loaders.modifier_loader - Modifier data loaded.
2026-04-12 23:07:06,134  INFO      data.loaders.gtfs_loader - Loaded San Francisco: 68 routes, 3243 stops, 34632 trips
2026-04-12 23:07:06,213  INFO      data.processors.gtfs_processor - GTFSProcessor ready: 3243 stops, 68 routes
2026-04-12 23:07:06,214  INFO      app_controller.app - Feed ready: San Francisco
2026-04-12 23:07:06,573  INFO      data.loaders.output_loader - Found 1 trial(s).
2026-04-12 23:07:06,789  INFO      app_controller.screen_manager - Navigated to loading
2026-04-12 23:07:09,305  INFO      app_controller.screen_manager - Navigated to start
2026-04-12 23:07:18,662  INFO      app_controller.screen_manager - Navigated to game_world
2026-04-12 23:08:30,885  INFO      __main__ - Starting Valmistada v1.0.0
2026-04-12 23:08:30,941  INFO      data.loaders.modifier_loader - Ridership loaded: 12,402 rows
2026-04-12 23:08:30,943  INFO      data.loaders.modifier_loader - Population loaded: 873,965
2026-04-12 23:08:31,442  INFO      data.loaders.modifier_loader - Land use loaded: 11 types
2026-04-12 23:08:31,450  INFO      data.loaders.modifier_loader - Modifier data loaded.
2026-04-12 23:08:40,842  INFO      data.loaders.gtfs_loader - Loaded San Francisco: 68 routes, 3243 stops, 34632 trips
2026-04-12 23:08:40,920  INFO      data.processors.gtfs_processor - GTFSProcessor ready: 3243 stops, 68 routes
2026-04-12 23:08:40,921  INFO      app_controller.app - Feed ready: San Francisco
2026-04-12 23:08:41,275  INFO      data.loaders.output_loader - Found 1 trial(s).
2026-04-12 23:08:41,485  INFO      app_controller.screen_manager - Navigated to loading
2026-04-12 23:08:43,987  INFO      app_controller.screen_manager - Navigated to start
2026-04-12 23:08:46,204  INFO      app_controller.screen_manager - Navigated to game_world
2026-04-12 23:09:26,065  INFO      __main__ - Starting Valmistada v1.0.0
2026-04-12 23:09:26,123  INFO      data.loaders.modifier_loader - Ridership loaded: 12,402 rows
2026-04-12 23:09:26,126  INFO      data.loaders.modifier_loader - Population loaded: 873,965
2026-04-12 23:09:26,613  INFO      data.loaders.modifier_loader - Land use loaded: 11 types
2026-04-12 23:09:26,621  INFO      data.loaders.modifier_loader - Modifier data loaded.
2026-04-12 23:09:35,952  INFO      data.loaders.gtfs_loader - Loaded San Francisco: 68 routes, 3243 stops, 34632 trips
2026-04-12 23:09:36,032  INFO      data.processors.gtfs_processor - GTFSProcessor ready: 3243 stops, 68 routes
2026-04-12 23:09:36,033  INFO      app_controller.app - Feed ready: San Francisco
2026-04-12 23:09:36,387  INFO      data.loaders.output_loader - Found 1 trial(s).
2026-04-12 23:09:36,598  INFO      app_controller.screen_manager - Navigated to loading
2026-04-12 23:09:39,088  INFO      app_controller.screen_manager - Navigated to start
2026-04-12 23:12:00,968  INFO      app_controller.screen_manager - Navigated to input
2026-04-12 23:12:07,306  INFO      app_controller.screen_manager - Navigated to start
2026-04-12 23:12:08,264  INFO      app_controller.screen_manager - Navigated to dictionary
2026-04-12 23:13:28,588  INFO      __main__ - Starting Valmistada v1.0.0
2026-04-12 23:13:28,651  INFO      data.loaders.modifier_loader - Ridership loaded: 12,402 rows
2026-04-12 23:13:28,653  INFO      data.loaders.modifier_loader - Population loaded: 873,965
2026-04-12 23:13:29,164  INFO      data.loaders.modifier_loader - Land use loaded: 11 types
2026-04-12 23:13:29,172  INFO      data.loaders.modifier_loader - Modifier data loaded.
2026-04-12 23:13:37,867  INFO      __main__ - Starting Valmistada v1.0.0
2026-04-12 23:13:37,928  INFO      data.loaders.modifier_loader - Ridership loaded: 12,402 rows
2026-04-12 23:13:37,931  INFO      data.loaders.modifier_loader - Population loaded: 873,965
2026-04-12 23:13:38,416  INFO      data.loaders.modifier_loader - Land use loaded: 11 types
2026-04-12 23:13:38,425  INFO      data.loaders.modifier_loader - Modifier data loaded.
2026-04-12 23:13:47,536  INFO      data.loaders.gtfs_loader - Loaded San Francisco: 68 routes, 3243 stops, 34632 trips
2026-04-12 23:13:47,614  INFO      data.processors.gtfs_processor - GTFSProcessor ready: 3243 stops, 68 routes
2026-04-12 23:13:47,614  INFO      app_controller.app - Feed ready: San Francisco
2026-04-12 23:13:47,970  INFO      data.loaders.output_loader - Found 1 trial(s).
2026-04-12 23:13:48,178  INFO      app_controller.screen_manager - Navigated to loading
2026-04-12 23:13:50,688  INFO      app_controller.screen_manager - Navigated to start
2026-04-12 23:13:54,573  INFO      app_controller.screen_manager - Navigated to game_world
2026-04-12 23:13:59,216  INFO      app_controller.screen_manager - Navigated to start
2026-04-12 23:14:04,623  INFO      app_controller.screen_manager - Navigated to output
2026-04-12 23:14:09,482  INFO      app_controller.screen_manager - Navigated to start
2026-04-12 23:14:10,419  INFO      app_controller.screen_manager - Navigated to dictionary
2026-04-13 04:43:15,752  INFO      __main__ - Starting Valmistada v1.0.0
2026-04-13 04:43:15,887  INFO      data.loaders.modifier_loader - Ridership loaded: 12,402 rows
2026-04-13 04:43:15,890  INFO      data.loaders.modifier_loader - Population loaded: 873,965
2026-04-13 04:43:16,503  INFO      data.loaders.modifier_loader - Land use loaded: 11 types
2026-04-13 04:43:16,512  INFO      data.loaders.modifier_loader - Modifier data loaded.
2026-04-13 04:43:26,664  INFO      data.loaders.gtfs_loader - Loaded San Francisco: 68 routes, 3243 stops, 34632 trips
2026-04-13 04:43:26,746  INFO      data.processors.gtfs_processor - GTFSProcessor ready: 3243 stops, 68 routes
2026-04-13 04:43:26,747  INFO      app_controller.app - Feed ready: San Francisco
2026-04-13 04:43:27,333  INFO      data.loaders.output_loader - Found 1 trial(s).
2026-04-13 04:43:27,591  INFO      app_controller.screen_manager - Navigated to loading
2026-04-13 04:43:30,082  INFO      app_controller.screen_manager - Navigated to start
2026-04-13 04:43:31,882  INFO      app_controller.screen_manager - Navigated to input
2026-04-13 04:43:37,559  INFO      app_controller.screen_manager - Navigated to start
2026-04-13 04:43:40,282  INFO      app_controller.screen_manager - Navigated to output
2026-04-13 04:43:42,365  INFO      app_controller.screen_manager - Navigated to start
2026-04-13 05:22:13,787  INFO      __main__ - Starting Valmistada v1.0.0
2026-04-13 05:22:13,852  INFO      data.loaders.modifier_loader - Ridership loaded: 12,402 rows
2026-04-13 05:22:13,855  INFO      data.loaders.modifier_loader - Population loaded: 873,965
2026-04-13 05:22:14,325  INFO      data.loaders.modifier_loader - Land use loaded: 11 types
2026-04-13 05:22:14,333  INFO      data.loaders.modifier_loader - Modifier data loaded.
2026-04-13 05:22:23,888  INFO      data.loaders.gtfs_loader - Loaded San Francisco: 68 routes, 3243 stops, 34632 trips
2026-04-13 05:22:23,967  INFO      data.processors.gtfs_processor - GTFSProcessor ready: 3243 stops, 68 routes
2026-04-13 05:22:23,968  INFO      app_controller.app - Feed ready: San Francisco
2026-04-13 05:22:24,570  INFO      data.loaders.output_loader - Found 1 trial(s).
2026-04-13 05:22:24,778  INFO      app_controller.screen_manager - Navigated to loading
2026-04-13 05:22:27,278  INFO      app_controller.screen_manager - Navigated to start
2026-04-13 05:22:28,691  INFO      app_controller.screen_manager - Navigated to game_world
2026-04-13 05:22:30,044  INFO      game_world.core.simulation_engine - SimulationEngine created - trial 2
2026-04-13 05:22:30,078  INFO      game_world.map.graph_builder - Graph: 40 routes (40 bus, 0 metro, 0 tram, 0 cable car), 243 stations, 40 with shape data
2026-04-13 05:22:30,080  INFO      game_world.core.simulation_engine - World built: 40 routes, 40 vehicles
2026-04-13 05:27:23,593  INFO      __main__ - Starting Valmistada v1.0.0
2026-04-13 05:27:23,650  INFO      data.loaders.modifier_loader - Ridership loaded: 12,402 rows
2026-04-13 05:27:23,653  INFO      data.loaders.modifier_loader - Population loaded: 873,965
2026-04-13 05:27:24,141  INFO      data.loaders.modifier_loader - Land use loaded: 11 types
2026-04-13 05:27:24,150  INFO      data.loaders.modifier_loader - Modifier data loaded.
2026-04-13 05:27:33,480  INFO      data.loaders.gtfs_loader - Loaded San Francisco: 68 routes, 3243 stops, 34632 trips
2026-04-13 05:27:33,557  INFO      data.processors.gtfs_processor - GTFSProcessor ready: 3243 stops, 68 routes
2026-04-13 05:27:33,558  INFO      app_controller.app - Feed ready: San Francisco
2026-04-13 05:27:34,262  INFO      data.loaders.output_loader - Found 1 trial(s).
2026-04-13 05:27:34,473  INFO      app_controller.screen_manager - Navigated to loading
2026-04-13 05:27:36,979  INFO      app_controller.screen_manager - Navigated to start
2026-04-13 05:27:38,610  INFO      app_controller.screen_manager - Navigated to game_world
2026-04-13 05:27:39,853  INFO      game_world.core.simulation_engine - SimulationEngine created - trial 2
2026-04-13 05:27:39,886  INFO      game_world.map.graph_builder - Graph: 40 routes (40 bus, 0 light rail/streetcar, 0 cable car), 243 stations, 40 with shape data
2026-04-13 05:27:39,890  INFO      game_world.core.simulation_engine - World built: 40 routes, 40 vehicles
2026-04-13 05:33:01,997  INFO      __main__ - Starting Valmistada v1.0.0
2026-04-13 05:33:02,059  INFO      data.loaders.modifier_loader - Ridership loaded: 12,402 rows
2026-04-13 05:33:02,061  INFO      data.loaders.modifier_loader - Population loaded: 873,965
2026-04-13 05:33:02,585  INFO      data.loaders.modifier_loader - Land use loaded: 11 types
2026-04-13 05:33:02,594  INFO      data.loaders.modifier_loader - Modifier data loaded.
2026-04-13 05:33:12,509  INFO      data.loaders.gtfs_loader - Loaded San Francisco: 68 routes, 3243 stops, 34632 trips
2026-04-13 05:33:12,588  INFO      data.processors.gtfs_processor - GTFSProcessor ready: 3243 stops, 68 routes
2026-04-13 05:33:12,588  INFO      app_controller.app - Feed ready: San Francisco
2026-04-13 05:33:13,456  INFO      data.loaders.output_loader - Found 1 trial(s).
2026-04-13 05:33:13,803  INFO      app_controller.screen_manager - Navigated to loading
2026-04-13 05:33:16,304  INFO      app_controller.screen_manager - Navigated to start
2026-04-13 05:33:40,537  INFO      app_controller.screen_manager - Navigated to game_world
2026-04-13 05:33:41,908  INFO      game_world.core.simulation_engine - SimulationEngine created - trial 2
2026-04-13 05:33:41,940  INFO      game_world.map.graph_builder - Graph: 40 routes (40 bus, 0 light rail, 0 cable car), 243 stations, 40 with shape data
2026-04-13 05:33:41,942  INFO      game_world.core.simulation_engine - World built: 40 routes, 40 vehicles
2026-04-13 05:39:32,804  INFO      __main__ - Starting Valmistada v1.0.0
2026-04-13 05:39:32,862  INFO      data.loaders.modifier_loader - Ridership loaded: 12,402 rows
2026-04-13 05:39:32,864  INFO      data.loaders.modifier_loader - Population loaded: 873,965
2026-04-13 05:39:33,338  INFO      data.loaders.modifier_loader - Land use loaded: 11 types
2026-04-13 05:39:33,346  INFO      data.loaders.modifier_loader - Modifier data loaded.
2026-04-13 05:39:42,962  INFO      data.loaders.gtfs_loader - Loaded San Francisco: 68 routes, 3243 stops, 34632 trips
2026-04-13 05:39:43,044  INFO      data.processors.gtfs_processor - GTFSProcessor ready: 3243 stops, 68 routes
2026-04-13 05:39:43,045  INFO      app_controller.app - Feed ready: San Francisco
2026-04-13 05:39:43,401  INFO      data.loaders.output_loader - Found 1 trial(s).
2026-04-13 05:39:43,612  INFO      app_controller.screen_manager - Navigated to loading
2026-04-13 05:39:46,113  INFO      app_controller.screen_manager - Navigated to start
2026-04-13 05:39:49,231  INFO      app_controller.screen_manager - Navigated to game_world
2026-04-13 05:39:50,517  INFO      game_world.core.simulation_engine - SimulationEngine created - trial 2
2026-04-13 05:39:50,549  INFO      game_world.map.graph_builder - Graph: 40 routes (29 bus, 8 light rail, 3 cable car, 0 subway), 230 stations, 40 with shape data
2026-04-13 05:39:50,551  INFO      game_world.core.simulation_engine - World built: 40 routes, 40 vehicles
2026-04-13 05:40:54,368  INFO      __main__ - Starting Valmistada v1.0.0
2026-04-13 05:40:54,430  INFO      data.loaders.modifier_loader - Ridership loaded: 12,402 rows
2026-04-13 05:40:54,433  INFO      data.loaders.modifier_loader - Population loaded: 873,965
2026-04-13 05:40:54,913  INFO      data.loaders.modifier_loader - Land use loaded: 11 types
2026-04-13 05:40:54,921  INFO      data.loaders.modifier_loader - Modifier data loaded.
2026-04-13 05:41:04,597  INFO      data.loaders.gtfs_loader - Loaded San Francisco: 68 routes, 3243 stops, 34632 trips
2026-04-13 05:41:04,683  INFO      data.processors.gtfs_processor - GTFSProcessor ready: 3243 stops, 68 routes
2026-04-13 05:41:04,684  INFO      app_controller.app - Feed ready: San Francisco
2026-04-13 05:41:05,043  INFO      data.loaders.output_loader - Found 1 trial(s).
2026-04-13 05:41:05,251  INFO      app_controller.screen_manager - Navigated to loading
2026-04-13 05:41:07,746  INFO      app_controller.screen_manager - Navigated to start
2026-04-13 05:41:09,520  INFO      app_controller.screen_manager - Navigated to game_world
2026-04-13 05:43:46,711  INFO      __main__ - Starting Valmistada v1.0.0
2026-04-13 05:43:46,771  INFO      data.loaders.modifier_loader - Ridership loaded: 12,402 rows
2026-04-13 05:43:46,773  INFO      data.loaders.modifier_loader - Population loaded: 873,965
2026-04-13 05:43:47,252  INFO      data.loaders.modifier_loader - Land use loaded: 11 types
2026-04-13 05:43:47,260  INFO      data.loaders.modifier_loader - Modifier data loaded.
2026-04-13 05:43:56,663  INFO      data.loaders.gtfs_loader - Loaded San Francisco: 68 routes, 3243 stops, 34632 trips
2026-04-13 05:43:56,755  INFO      data.processors.gtfs_processor - GTFSProcessor ready: 3243 stops, 68 routes
2026-04-13 05:43:56,756  INFO      app_controller.app - Feed ready: San Francisco
2026-04-13 05:43:57,073  INFO      data.loaders.output_loader - Found 1 trial(s).
2026-04-13 05:43:57,290  INFO      app_controller.screen_manager - Navigated to loading
2026-04-13 05:43:59,797  INFO      app_controller.screen_manager - Navigated to start
2026-04-13 05:44:01,468  INFO      app_controller.screen_manager - Navigated to game_world
2026-04-13 05:44:03,902  INFO      game_world.core.simulation_engine - SimulationEngine created - trial 2
2026-04-13 05:44:03,934  INFO      game_world.map.graph_builder - Graph: 40 routes (29 bus, 8 light rail, 3 cable car, 0 subway), 230 stations, 40 with shape data
2026-04-13 05:44:03,936  INFO      game_world.core.simulation_engine - World built: 40 routes, 40 vehicles
2026-04-13 05:47:02,933  INFO      __main__ - Starting Valmistada v1.0.0
2026-04-13 05:47:02,991  INFO      data.loaders.modifier_loader - Ridership loaded: 12,402 rows
2026-04-13 05:47:02,993  INFO      data.loaders.modifier_loader - Population loaded: 873,965
2026-04-13 05:47:03,466  INFO      data.loaders.modifier_loader - Land use loaded: 11 types
2026-04-13 05:47:03,474  INFO      data.loaders.modifier_loader - Modifier data loaded.
2026-04-13 05:47:12,932  INFO      data.loaders.gtfs_loader - Loaded San Francisco: 68 routes, 3243 stops, 34632 trips
2026-04-13 05:47:13,009  INFO      data.processors.gtfs_processor - GTFSProcessor ready: 3243 stops, 68 routes
2026-04-13 05:47:13,009  INFO      app_controller.app - Feed ready: San Francisco
2026-04-13 05:47:13,361  INFO      data.loaders.output_loader - Found 1 trial(s).
2026-04-13 05:47:13,571  INFO      app_controller.screen_manager - Navigated to loading
2026-04-13 05:47:16,069  INFO      app_controller.screen_manager - Navigated to start
2026-04-13 05:47:17,262  INFO      app_controller.screen_manager - Navigated to game_world
2026-04-13 05:47:18,286  INFO      game_world.core.simulation_engine - SimulationEngine created - trial 2
2026-04-13 05:47:18,320  INFO      game_world.map.graph_builder - Graph: 40 routes (29 bus, 8 light rail, 3 cable car, 0 subway), 230 stations, 40 with shape data
2026-04-13 05:47:18,322  INFO      game_world.core.simulation_engine - World built: 40 routes, 40 vehicles
2026-04-13 06:33:22,448  INFO      __main__ - Starting Valmistada v1.0.0
2026-04-13 06:33:22,512  INFO      data.loaders.modifier_loader - Ridership loaded: 12,402 rows
2026-04-13 06:33:22,515  INFO      data.loaders.modifier_loader - Population loaded: 873,965
2026-04-13 06:33:22,991  INFO      data.loaders.modifier_loader - Land use loaded: 11 types
2026-04-13 06:33:23,000  INFO      data.loaders.modifier_loader - Modifier data loaded.
2026-04-13 06:33:32,152  INFO      data.loaders.gtfs_loader - Loaded San Francisco: 68 routes, 3243 stops, 34632 trips
2026-04-13 06:33:32,234  INFO      data.processors.gtfs_processor - GTFSProcessor ready: 3243 stops, 68 routes
2026-04-13 06:33:32,235  INFO      app_controller.app - Feed ready: San Francisco
2026-04-13 06:33:32,792  INFO      data.loaders.output_loader - Found 1 trial(s).
2026-04-13 06:33:33,006  INFO      app_controller.screen_manager - Navigated to loading
2026-04-13 06:33:35,518  INFO      app_controller.screen_manager - Navigated to start
2026-04-13 06:33:37,929  INFO      app_controller.screen_manager - Navigated to game_world
2026-04-13 06:33:40,027  INFO      game_world.core.simulation_engine - SimulationEngine created - trial 2
2026-04-13 06:33:40,061  INFO      game_world.map.graph_builder - Graph: 40 routes (29 bus, 8 light rail, 3 cable car, 0 subway), 230 stations, 40 with shape data
2026-04-13 06:33:40,124  INFO      game_world.core.simulation_engine - World built: 40 routes, 40 vehicles
2026-04-13 06:33:40,144  ERROR     app_controller.event_bus - EventBus [sim.tick]: 'SimulationEngine' object has no attribute 'date_label'
2026-04-13 06:49:12,062  INFO      __main__ - Starting Valmistada v1.0.0
2026-04-13 06:49:12,122  INFO      data.loaders.modifier_loader - Ridership loaded: 12,402 rows
2026-04-13 06:49:12,124  INFO      data.loaders.modifier_loader - Population loaded: 873,965
2026-04-13 06:49:12,592  INFO      data.loaders.modifier_loader - Land use loaded: 11 types
2026-04-13 06:49:12,600  INFO      data.loaders.modifier_loader - Modifier data loaded.
2026-04-13 06:49:21,931  INFO      data.loaders.gtfs_loader - Loaded San Francisco: 68 routes, 3243 stops, 34632 trips
2026-04-13 06:49:22,007  INFO      data.processors.gtfs_processor - GTFSProcessor ready: 3243 stops, 68 routes
2026-04-13 06:49:22,008  INFO      app_controller.app - Feed ready: San Francisco
2026-04-13 06:49:22,550  INFO      data.loaders.output_loader - Found 1 trial(s).
2026-04-13 06:49:22,763  INFO      app_controller.screen_manager - Navigated to loading
2026-04-13 06:49:25,260  INFO      app_controller.screen_manager - Navigated to start
2026-04-13 06:49:27,184  INFO      app_controller.screen_manager - Navigated to game_world
2026-04-13 06:49:28,392  INFO      game_world.core.simulation_engine - SimulationEngine created - trial 2
2026-04-13 06:49:28,429  INFO      game_world.map.graph_builder - Graph: 40 routes (29 bus, 8 light rail, 3 cable car, 0 subway), 230 stations, 40 with shape data
2026-04-13 06:49:28,444  INFO      game_world.core.simulation_engine - World built: 40 routes, 40 vehicles
2026-04-13 06:50:33,403  INFO      game_world.core.simulation_engine - Month transition to February 2019
2026-04-13 06:51:32,081  INFO      game_world.core.simulation_engine - Month transition to March 2019
2026-04-13 06:52:29,453  INFO      game_world.core.simulation_engine - Month transition to April 2019
2026-04-13 06:52:43,288  INFO      game_world.core.simulation_engine - Month transition to May 2019
2026-04-13 06:52:58,836  INFO      game_world.core.simulation_engine - Month transition to June 2019
2026-04-13 06:53:12,914  INFO      game_world.core.simulation_engine - Month transition to July 2019
2026-04-13 06:53:27,274  INFO      game_world.core.simulation_engine - Month transition to August 2019
2026-04-13 06:53:41,546  INFO      game_world.core.simulation_engine - Month transition to September 2019
2026-04-13 06:53:56,376  INFO      game_world.core.simulation_engine - Month transition to October 2019
2026-04-13 06:54:10,088  INFO      game_world.core.simulation_engine - Month transition to November 2019
2026-04-13 06:54:23,955  INFO      game_world.core.simulation_engine - Month transition to December 2019
2026-04-13 06:54:37,826  INFO      game_world.core.simulation_engine - Month transition to January 2020
2026-04-13 06:54:37,843  INFO      data.storage.export_manager - Trial 2 exported - 13 files to SD_Game/output/trials\trial_2
2026-04-13 06:54:37,846  INFO      data.loaders.output_loader - Found 2 trial(s).
2026-04-13 06:54:37,887  INFO      data.loaders.output_loader - Found 2 trial(s).
2026-04-13 06:54:37,924  INFO      game_world.core.simulation_engine - Year complete.
2026-04-13 06:56:23,912  INFO      app_controller.screen_manager - Navigated to start
2026-04-13 06:56:27,400  INFO      app_controller.screen_manager - Navigated to output
2026-04-13 06:59:01,542  INFO      __main__ - Starting Valmistada v1.0.0
2026-04-13 06:59:01,608  INFO      data.loaders.modifier_loader - Ridership loaded: 12,402 rows
2026-04-13 06:59:01,610  INFO      data.loaders.modifier_loader - Population loaded: 873,965
2026-04-13 06:59:02,114  INFO      data.loaders.modifier_loader - Land use loaded: 11 types
2026-04-13 06:59:02,122  INFO      data.loaders.modifier_loader - Modifier data loaded.
2026-04-13 06:59:11,437  INFO      data.loaders.gtfs_loader - Loaded San Francisco: 68 routes, 3243 stops, 34632 trips
2026-04-13 06:59:11,514  INFO      data.processors.gtfs_processor - GTFSProcessor ready: 3243 stops, 68 routes
2026-04-13 06:59:11,515  INFO      app_controller.app - Feed ready: San Francisco
2026-04-13 06:59:12,134  INFO      data.loaders.output_loader - Found 2 trial(s).
2026-04-13 06:59:12,383  INFO      app_controller.screen_manager - Navigated to loading
2026-04-13 06:59:14,890  INFO      app_controller.screen_manager - Navigated to start
2026-04-13 06:59:20,509  INFO      app_controller.screen_manager - Navigated to game_world
2026-04-13 06:59:23,195  INFO      game_world.core.simulation_engine - SimulationEngine created - trial 3
2026-04-13 06:59:23,227  INFO      game_world.map.graph_builder - Graph: 40 routes (29 bus, 8 light rail, 3 cable car, 0 subway), 230 stations, 40 with shape data
2026-04-13 06:59:23,235  INFO      game_world.core.simulation_engine - World built: 40 routes, 40 vehicles
2026-04-13 06:59:41,436  INFO      game_world.core.simulation_engine - Month transition to February 2019
2026-04-13 06:59:54,667  INFO      game_world.core.simulation_engine - Month transition to March 2019
2026-04-13 07:00:09,805  INFO      game_world.core.simulation_engine - Month transition to April 2019
2026-04-13 07:00:24,286  INFO      game_world.core.simulation_engine - Month transition to May 2019
2026-04-13 07:00:39,433  INFO      game_world.core.simulation_engine - Month transition to June 2019
2026-04-13 07:00:53,615  INFO      game_world.core.simulation_engine - Month transition to July 2019
2026-04-13 07:01:08,977  INFO      game_world.core.simulation_engine - Month transition to August 2019
2026-04-13 07:01:33,261  INFO      game_world.core.simulation_engine - Month transition to September 2019
2026-04-13 07:01:47,531  INFO      game_world.core.simulation_engine - Month transition to October 2019
2026-04-13 07:02:02,584  INFO      game_world.core.simulation_engine - Month transition to November 2019
2026-04-13 07:02:17,067  INFO      game_world.core.simulation_engine - Month transition to December 2019
2026-04-13 07:02:33,178  INFO      game_world.core.simulation_engine - Month transition to January 2020
2026-04-13 07:02:33,194  INFO      data.storage.export_manager - Trial 3 exported - 13 files to SD_Game/output/trials\trial_3
2026-04-13 07:02:33,195  INFO      data.loaders.output_loader - Found 3 trial(s).
2026-04-13 07:02:33,256  INFO      data.loaders.output_loader - Found 3 trial(s).
2026-04-13 07:02:33,311  INFO      game_world.core.simulation_engine - Year complete.
2026-04-13 07:06:38,742  INFO      app_controller.screen_manager - Navigated to start
2026-04-13 07:06:42,399  INFO      app_controller.screen_manager - Navigated to output
2026-04-13 07:06:45,661  INFO      app_controller.screen_manager - Navigated to start
2026-04-13 07:06:49,281  INFO      app_controller.screen_manager - Navigated to game_world
2026-04-13 07:06:51,350  INFO      game_world.core.simulation_engine - SimulationEngine created - trial 4
2026-04-13 07:06:51,397  INFO      game_world.map.graph_builder - Graph: 40 routes (29 bus, 8 light rail, 3 cable car, 0 subway), 230 stations, 40 with shape data
2026-04-13 07:06:51,405  INFO      game_world.core.simulation_engine - World built: 40 routes, 40 vehicles
2026-04-13 07:07:09,083  INFO      game_world.core.simulation_engine - Month transition to February 2019
2026-04-13 07:07:21,792  INFO      game_world.core.simulation_engine - Month transition to March 2019
2026-04-13 07:07:36,328  INFO      game_world.core.simulation_engine - Month transition to April 2019
2026-04-13 07:07:50,030  INFO      game_world.core.simulation_engine - Month transition to May 2019
2026-04-13 07:08:04,552  INFO      game_world.core.simulation_engine - Month transition to June 2019
2026-04-13 07:08:42,058  INFO      game_world.core.simulation_engine - Month transition to July 2019
2026-04-13 07:08:57,238  INFO      game_world.core.simulation_engine - Month transition to August 2019
2026-04-13 07:09:38,150  INFO      game_world.core.simulation_engine - Month transition to September 2019
2026-04-13 07:09:53,441  INFO      game_world.core.simulation_engine - Month transition to October 2019
2026-04-13 07:10:08,504  INFO      game_world.core.simulation_engine - Month transition to November 2019
2026-04-13 07:10:23,065  INFO      game_world.core.simulation_engine - Month transition to December 2019
2026-04-13 07:10:37,775  INFO      game_world.core.simulation_engine - Month transition to January 2020
2026-04-13 07:10:37,790  INFO      data.storage.export_manager - Trial 4 exported - 13 files to SD_Game/output/trials\trial_4
2026-04-13 07:10:37,793  INFO      data.loaders.output_loader - Found 4 trial(s).
2026-04-13 07:10:37,869  INFO      data.loaders.output_loader - Found 4 trial(s).
2026-04-13 07:10:37,943  INFO      game_world.core.simulation_engine - Year complete.
2026-04-13 07:12:37,409  INFO      __main__ - Starting Valmistada v1.0.0
2026-04-13 07:12:37,472  INFO      data.loaders.modifier_loader - Ridership loaded: 12,402 rows
2026-04-13 07:12:37,474  INFO      data.loaders.modifier_loader - Population loaded: 873,965
2026-04-13 07:12:37,955  INFO      data.loaders.modifier_loader - Land use loaded: 11 types
2026-04-13 07:12:37,963  INFO      data.loaders.modifier_loader - Modifier data loaded.
2026-04-13 07:12:47,398  INFO      data.loaders.gtfs_loader - Loaded San Francisco: 68 routes, 3243 stops, 34632 trips
2026-04-13 07:12:47,482  INFO      data.processors.gtfs_processor - GTFSProcessor ready: 3243 stops, 68 routes
2026-04-13 07:12:47,482  INFO      app_controller.app - Feed ready: San Francisco
2026-04-13 07:12:48,106  INFO      data.loaders.output_loader - Found 4 trial(s).
2026-04-13 07:12:48,453  INFO      app_controller.screen_manager - Navigated to loading
2026-04-13 07:12:50,954  INFO      app_controller.screen_manager - Navigated to start
2026-04-13 07:12:52,153  INFO      app_controller.screen_manager - Navigated to game_world
2026-04-13 07:12:53,951  INFO      game_world.core.simulation_engine - SimulationEngine created - trial 5
2026-04-13 07:12:53,993  INFO      game_world.map.graph_builder - Graph: 40 routes (29 bus, 8 light rail, 3 cable car, 0 subway), 230 stations, 40 with shape data
2026-04-13 07:12:54,001  INFO      game_world.core.simulation_engine - World built: 40 routes, 40 vehicles
2026-04-13 07:15:11,828  INFO      app_controller.screen_manager - Navigated to start
